Using pre-set license
Built from '2020.3/staging' branch; Version is '2020.3.26f1 (7298b473bc1a) revision 7510196'; Using compiler version '192528614'; Build Type 'Release'
OS: 'Windows 10  (10.0.19043) 64bit Core' Language: 'en' Physical Memory: 8077 MB
BatchMode: 1, IsHumanControllingUs: 0, StartBugReporterOnCrash: 0, Is64bit: 1, IsPro: 0

COMMAND LINE ARGUMENTS:
C:\Program Files\Unity\Hub\Editor\2020.3.26f1\Editor\Unity.exe
-adb2
-batchMode
-noUpm
-name
AssetImportWorker5
-projectPath
C:/Users/Nida Sumavia Randhaw/Desktop/github/3D-Plattformer/3D Platformer
-logFile
Logs/AssetImportWorker5.log
-srvPort
63857
Successfully changed project path to: C:/Users/Nida Sumavia Randhaw/Desktop/github/3D-Plattformer/3D Platformer
C:/Users/Nida Sumavia Randhaw/Desktop/github/3D-Plattformer/3D Platformer
Using Asset Import Pipeline V2.
